[debug] [2018-10-08T21:17:50.330Z] ----------------------------------------------------------------------
[debug] [2018-10-08T21:17:50.332Z] Command:       /usr/local/bin/node /usr/local/bin/firebase serve
[debug] [2018-10-08T21:17:50.332Z] CLI Version:   4.2.1
[debug] [2018-10-08T21:17:50.332Z] Platform:      darwin
[debug] [2018-10-08T21:17:50.332Z] Node Version:  v8.11.3
[debug] [2018-10-08T21:17:50.333Z] Time:          Tue Oct 09 2018 05:17:50 GMT+0800 (+08)
[debug] [2018-10-08T21:17:50.333Z] ----------------------------------------------------------------------
[debug] 
[debug] [2018-10-08T21:17:50.346Z] > command requires scopes: ["email","openid","https://www.googleapis.com/auth/cloudplatformprojects.readonly","https://www.googleapis.com/auth/firebase","https://www.googleapis.com/auth/cloud-platform"]
[debug] [2018-10-08T21:17:50.346Z] > authorizing via signed-in user
[debug] [2018-10-08T21:17:50.348Z] >>> HTTP REQUEST GET https://admin.firebase.com/v1/projects/wapbot-studios  
 
[debug] [2018-10-08T21:17:51.414Z] <<< HTTP RESPONSE 200
[debug] [2018-10-08T21:17:51.415Z] >>> HTTP REQUEST GET https://cloudresourcemanager.googleapis.com/v1/projects/wapbot-studios  
 
[debug] [2018-10-08T21:17:52.600Z] <<< HTTP RESPONSE 200
[info] 
[info] === Serving from '/Users/Elijah/Documents/GitHub/wapbot'...
[info] 
[debug] [2018-10-08T21:17:52.602Z] >>> HTTP REQUEST GET https://mobilesdk-pa.googleapis.com/v1/projects/1055266080787/clients/_:getWebAppConfig  
 
[debug] [2018-10-08T21:17:53.109Z] <<< HTTP RESPONSE 200
[info] i  hosting[wapbot-studios]: Serving hosting files from: public
[info] ✔  hosting[wapbot-studios]: Local server: http://localhost:5000
